app/build/outputs/logs/manifest-merger-debug-report.txt
-- Merging decision tree log ---
manifest
ADDED from src\main\AndroidManifest.xml:2:1-104:12
	package
		ADDED from src\main\AndroidManifest.xml:3:5-23
		INJECTED from src\main\AndroidManifest.xml
		INJECTED from src\main\AndroidManifest.xml
	android:versionName
		ADDED from src\main\AndroidManifest.xml:5:5-30
		INJECTED from src\main\AndroidManifest.xml
		INJECTED from src\main\AndroidManifest.xml
	android:versionCode
		ADDED from src\main\AndroidManifest.xml:4:5-28
		INJECTED from src\main\AndroidManifest.xml
		INJECTED from src\main\AndroidManifest.xml
	xmlns:android
		ADDED from src\main\AndroidManifest.xml:2:11-69
uses-sdk
ADDED from src\main\AndroidManifest.xml:7:5-9:41
MERGED from [com.android.support:appcompat-v7:21.0.3] AndroidManifest.xml:15:5-42
MERGED from [com.android.support:support-v4:22.2.0] AndroidManifest.xml:20:5-43
MERGED from [com.android.support:support-v4:22.2.0] AndroidManifest.xml:20:5-43
MERGED from [com.google.android.gms:play-services-appindexing:8.1.0] AndroidManifest.xml:18:5-42
MERGED from [com.google.android.gms:play-services-basement:8.1.0] AndroidManifest.xml:18:5-42
MERGED from [com.android.support:support-v4:22.2.0] AndroidManifest.xml:20:5-43
	android:targetSdkVersion
		ADDED from src\main\AndroidManifest.xml:9:9-38
		INJECTED from src\main\AndroidManifest.xml
		INJECTED from src\main\AndroidManifest.xml
	android:minSdkVersion
		ADDED from src\main\AndroidManifest.xml:8:9-34
		INJECTED from src\main\AndroidManifest.xml
		INJECTED from src\main\AndroidManifest.xml
uses-feature#0x00020000
ADDED from src\main\AndroidManifest.xml:11:5-13:35
	android:glEsVersion
		ADDED from src\main\AndroidManifest.xml:12:9-41
	android:required
		ADDED from src\main\AndroidManifest.xml:13:9-32
uses-permission#android.permission.INTERNET
ADDED from src\main\AndroidManifest.xml:15:5-67
	android:name
		ADDED from src\main\AndroidManifest.xml:15:22-64
uses-permission#android.permission.ACCESS_NETWORK_STATE
ADDED from src\main\AndroidManifest.xml:16:5-79
	android:name
		ADDED from src\main\AndroidManifest.xml:16:22-76
uses-permission#android.permission.ACCESS_COARSE_LOCATION
ADDED from src\main\AndroidManifest.xml:17:5-81
	android:name
		ADDED from src\main\AndroidManifest.xml:17:22-78
uses-permission#android.permission.ACCESS_FINE_LOCATION
ADDED from src\main\AndroidManifest.xml:18:5-79
	android:name
		ADDED from src\main\AndroidManifest.xml:18:22-76
uses-permission#android.permission.WRITE_EXTERNAL_STORAGE
ADDED from src\main\AndroidManifest.xml:19:5-81
	android:name
		ADDED from src\main\AndroidManifest.xml:19:22-78
application
ADDED from src\main\AndroidManifest.xml:21:5-100:19
MERGED from [com.android.support:appcompat-v7:21.0.3] AndroidManifest.xml:16:5-19
MERGED from [com.android.support:support-v4:22.2.0] AndroidManifest.xml:22:5-20
MERGED from [com.android.support:support-v4:22.2.0] AndroidManifest.xml:22:5-20
MERGED from [com.google.android.gms:play-services-appindexing:8.1.0] AndroidManifest.xml:19:5-20
MERGED from [com.google.android.gms:play-services-basement:8.1.0] AndroidManifest.xml:20:5-24:19
MERGED from [com.android.support:support-v4:22.2.0] AndroidManifest.xml:22:5-20
	android:label
		ADDED from src\main\AndroidManifest.xml:24:9-41
	android:allowBackup
		ADDED from src\main\AndroidManifest.xml:22:9-35
	android:icon
		ADDED from src\main\AndroidManifest.xml:23:9-45
	android:theme
		ADDED from src\main\AndroidManifest.xml:25:9-40
meta-data#com.google.android.gms.version
ADDED from src\main\AndroidManifest.xml:27:9-29:69
MERGED from [com.google.android.gms:play-services-basement:8.1.0] AndroidManifest.xml:21:9-23:69
	android:value
		ADDED from src\main\AndroidManifest.xml:29:13-66
	android:name
		ADDED from src\main\AndroidManifest.xml:28:13-58
meta-data#com.google.android.maps.v2.API_KEY
ADDED from src\main\AndroidManifest.xml:30:9-32:71
	android:value
		ADDED from src\main\AndroidManifest.xml:32:13-68
	android:name
		ADDED from src\main\AndroidManifest.xml:31:13-62
activity#hight.ht.hvs.StartActivity
ADDED from src\main\AndroidManifest.xml:34:9-43:20
	android:label
		ADDED from src\main\AndroidManifest.xml:36:13-45
	android:noHistory
		ADDED from src\main\AndroidManifest.xml:37:13-37
	android:name
		ADDED from src\main\AndroidManifest.xml:35:13-54
intent-filter#android.intent.action.MAIN+android.intent.category.LAUNCHER
ADDED from src\main\AndroidManifest.xml:38:13-42:29
action#android.intent.action.MAIN
ADDED from src\main\AndroidManifest.xml:39:17-69
	android:name
		ADDED from src\main\AndroidManifest.xml:39:25-66
category#android.intent.category.LAUNCHER
ADDED from src\main\AndroidManifest.xml:41:17-77
	android:name
		ADDED from src\main\AndroidManifest.xml:41:27-74
activity#hight.ht.hvs.LigawahlActivity
ADDED from src\main\AndroidManifest.xml:45:9-48:20
	android:label
		ADDED from src\main\AndroidManifest.xml:47:13-60
	android:name
		ADDED from src\main\AndroidManifest.xml:46:13-57
activity#hight.ht.hvs.LigaTabActivity
ADDED from src\main\AndroidManifest.xml:49:9-57:20
	android:label
		ADDED from src\main\AndroidManifest.xml:51:13-60
	android:parentActivityName
		ADDED from src\main\AndroidManifest.xml:53:13-71
	android:launchMode
		ADDED from src\main\AndroidManifest.xml:52:13-43
	android:name
		ADDED from src\main\AndroidManifest.xml:50:13-56
meta-data#android.support.PARENT_ACTIVITY
ADDED from src\main\AndroidManifest.xml:54:13-56:57
	android:value
		ADDED from src\main\AndroidManifest.xml:56:17-54
	android:name
		ADDED from src\main\AndroidManifest.xml:55:17-63
activity#hight.ht.hvs.UpdateActivity
ADDED from src\main\AndroidManifest.xml:58:9-66:20
	android:label
		ADDED from src\main\AndroidManifest.xml:60:13-58
	android:parentActivityName
		ADDED from src\main\AndroidManifest.xml:61:13-71
	android:theme
		ADDED from src\main\AndroidManifest.xml:62:13-81
	android:name
		ADDED from src\main\AndroidManifest.xml:59:13-55
activity#hight.ht.hvs.SpielActivity
ADDED from src\main\AndroidManifest.xml:67:9-74:20
	android:label
		ADDED from src\main\AndroidManifest.xml:69:13-57
	android:parentActivityName
		ADDED from src\main\AndroidManifest.xml:70:13-70
	android:name
		ADDED from src\main\AndroidManifest.xml:68:13-54
activity#hight.ht.hvs.MapActivity
ADDED from src\main\AndroidManifest.xml:75:9-82:20
	android:label
		ADDED from src\main\AndroidManifest.xml:77:13-55
	android:parentActivityName
		ADDED from src\main\AndroidManifest.xml:78:13-70
	android:name
		ADDED from src\main\AndroidManifest.xml:76:13-52
activity#hight.ht.hvs.AboutActivity
ADDED from src\main\AndroidManifest.xml:84:9-91:20
	android:label
		ADDED from src\main\AndroidManifest.xml:86:13-57
	android:parentActivityName
		ADDED from src\main\AndroidManifest.xml:87:13-71
	android:name
		ADDED from src\main\AndroidManifest.xml:85:13-54
activity#hight.ht.hvs.SchiedsrichterActivity
ADDED from src\main\AndroidManifest.xml:92:9-99:20
	android:label
		ADDED from src\main\AndroidManifest.xml:94:13-66
	android:parentActivityName
		ADDED from src\main\AndroidManifest.xml:95:13-68
	android:name
		ADDED from src\main\AndroidManifest.xml:93:13-63